<?xml version="1.0" encoding="UTF-8"?>
<!-- Generated by org.testng.reporters.JUnitReportReporter -->
<testsuite skipped="0" hostname="DESKTOP-8UFL7AB" name="Project.task1.ReverseString" tests="1" failures="0" timestamp="22 Aug 2019 17:17:47 GMT" time="0.023" errors="0">
  <testcase name="reverse" time="0.023" classname="Project.task1.ReverseString"/>
</testsuite> <!-- Project.task1.ReverseString -->
